[    0.000000] Initializing cgroup subsys cpuset
[    0.000000] Initializing cgroup subsys cpu
[    0.000000] Initializing cgroup subsys cpuacct
[    0.000000] Linux version 4.4.0-185-generic (buildd@lgw01-amd64-017) (gcc version 5.4.0 20160609 (Ubuntu 5.4.0-6ubuntu1~16.04.12) ) #215-Ubuntu SMP Mon Jun 8 21:53:19 UTC 2020 (Ubuntu 4.4.0-185.215-generic 4.4.224)
[    0.000000] Command line: BOOT_IMAGE=/boot/vmlinuz-4.4.0-185-generic root=UUID=1bbe14b0-e1b4-4636-83ed-ba0fa2a5acca ro console=tty1 console=ttyS0
[    0.000000] KERNEL supported cpus:
[    0.000000]   Intel GenuineIntel
[    0.000000]   AMD AuthenticAMD
[    0.000000]   Centaur CentaurHauls
[    0.000000] x86/fpu: xstate_offset[2]:  576, xstate_sizes[2]:  256
[    0.000000] x86/fpu: Supporting XSAVE feature 0x01: 'x87 floating point registers'
[    0.000000] x86/fpu: Supporting XSAVE feature 0x02: 'SSE registers'
[    0.000000] x86/fpu: Supporting XSAVE feature 0x04: 'AVX registers'
[    0.000000] x86/fpu: Enabled xstate features 0x7, context size is 832 bytes, using 'standard' format.
[    0.000000] e820: BIOS-provided physical RAM map:
[    0.000000] BIOS-e820: [mem 0x0000000000000000-0x000000000009fbff] usable
[    0.000000] BIOS-e820: [mem 0x000000000009fc00-0x000000000009ffff] reserved
[    0.000000] BIOS-e820: [mem 0x00000000000f0000-0x00000000000fffff] reserved
[    0.000000] BIOS-e820: [mem 0x0000000000100000-0x000000007e7effff] usable
[    0.000000] BIOS-e820: [mem 0x000000007e7f0000-0x000000007e7fffff] ACPI data
[    0.000000] BIOS-e820: [mem 0x00000000fec00000-0x00000000fec00fff] reserved
[    0.000000] BIOS-e820: [mem 0x00000000fee00000-0x00000000fee00fff] reserved
[    0.000000] BIOS-e820: [mem 0x00000000fffc0000-0x00000000ffffffff] reserved
[    0.000000] NX (Execute Disable) protection: active
[    0.000000] SMBIOS 2.5 present.
[    0.000000] Hypervisor detected: KVM
[    0.000000] e820: last_pfn = 0x7e7f0 max_arch_pfn = 0x400000000
[    0.000000] MTRR: Disabled
[    0.000000] x86/PAT: MTRRs disabled, skipping PAT initialization too.
[    0.000000] CPU MTRRs all blank - virtualized system.
[    0.000000] x86/PAT: Configuration [0-7]: WB  WT  UC- UC  WB  WT  UC- UC  
[    0.000000] found SMP MP-table at [mem 0x0009fff0-0x0009ffff] mapped at [ffff88000009fff0]
[    0.000000] Scanning 1 areas for low memory corruption
[    0.000000] RAMDISK: [mem 0x361cc000-0x370ddfff]
[    0.000000] ACPI: Early table checksum verification disabled
[    0.000000] ACPI: RSDP 0x00000000000E0000 000024 (v02 VBOX  )
[    0.000000] ACPI: XSDT 0x000000007E7F0030 00003C (v01 VBOX   VBOXXSDT 00000001 ASL  00000061)
[    0.000000] ACPI: FACP 0x000000007E7F00F0 0000F4 (v04 VBOX   VBOXFACP 00000001 ASL  00000061)
[    0.000000] ACPI: DSDT 0x000000007E7F0470 002325 (v02 VBOX   VBOXBIOS 00000002 INTL 20100528)
[    0.000000] ACPI: FACS 0x000000007E7F0200 000040
[    0.000000] ACPI: FACS 0x000000007E7F0200 000040
[    0.000000] ACPI: APIC 0x000000007E7F0240 00005C (v02 VBOX   VBOXAPIC 00000001 ASL  00000061)
[    0.000000] ACPI: SSDT 0x000000007E7F02A0 0001CC (v01 VBOX   VBOXCPUT 00000002 INTL 20100528)
[    0.000000] No NUMA configuration found
[    0.000000] Faking a node at [mem 0x0000000000000000-0x000000007e7effff]
[    0.000000] NODE_DATA(0) allocated [mem 0x7e7eb000-0x7e7effff]
[    0.000000] kvm-clock: Using msrs 4b564d01 and 4b564d00
[    0.000000] kvm-clock: cpu 0, msr 0:7e7e3001, primary cpu clock
[    0.000000] kvm-clock: using sched offset of 5493482586 cycles
[    0.000000] clocksource: kvm-clock: mask: 0xffffffffffffffff max_cycles: 0x1cd42e4dffb, max_idle_ns: 881590591483 ns
[    0.000000] Zone ranges:
[    0.000000]   DMA      [mem 0x0000000000001000-0x0000000000ffffff]
[    0.000000]   DMA32    [mem 0x0000000001000000-0x000000007e7effff]
[    0.000000]   Normal   empty
[    0.000000]   Device   empty
[    0.000000] Movable zone start for each node
[    0.000000] Early memory node ranges
[    0.000000]   node   0: [mem 0x0000000000001000-0x000000000009efff]
[    0.000000]   node   0: [mem 0x0000000000100000-0x000000007e7effff]
[    0.000000] Initmem setup node 0 [mem 0x0000000000001000-0x000000007e7effff]
[    0.000000] ACPI: PM-Timer IO Port: 0x4008
[    0.000000] IOAPIC[0]: apic_id 2, version 32, address 0xfec00000, GSI 0-23
[    0.000000] ACPI: INT_SRC_OVR (bus 0 bus_irq 0 global_irq 2 dfl dfl)
[    0.000000] ACPI: INT_SRC_OVR (bus 0 bus_irq 9 global_irq 9 low level)
[    0.000000] Using ACPI (MADT) for SMP configuration information
[    0.000000] smpboot: Allowing 2 CPUs, 0 hotplug CPUs
[    0.000000] PM: Registered nosave memory: [mem 0x00000000-0x00000fff]
[    0.000000] PM: Registered nosave memory: [mem 0x0009f000-0x0009ffff]
[    0.000000] PM: Registered nosave memory: [mem 0x000a0000-0x000effff]
[    0.000000] PM: Registered nosave memory: [mem 0x000f0000-0x000fffff]
[    0.000000] e820: [mem 0x7e800000-0xfebfffff] available for PCI devices
[    0.000000] Booting paravirtualized kernel on KVM
[    0.000000] clocksource: refined-jiffies: mask: 0xffffffff max_cycles: 0xffffffff, max_idle_ns: 7645519600211568 ns
[    0.000000] setup_percpu: NR_CPUS:512 nr_cpumask_bits:512 nr_cpu_ids:2 nr_node_ids:1
[    0.000000] PERCPU: Embedded 33 pages/cpu @ffff88007e400000 s95448 r8192 d31528 u1048576
[    0.000000] Built 1 zonelists in Node order, mobility grouping on.  Total pages: 509912
[    0.000000] Policy zone: DMA32
[    0.000000] Kernel command line: BOOT_IMAGE=/boot/vmlinuz-4.4.0-185-generic root=UUID=1bbe14b0-e1b4-4636-83ed-ba0fa2a5acca ro console=tty1 console=ttyS0
[    0.000000] PID hash table entries: 4096 (order: 3, 32768 bytes)
[    0.000000] Memory: 2004736K/2072120K available (8632K kernel code, 1336K rwdata, 4036K rodata, 1488K init, 1292K bss, 67384K reserved, 0K cma-reserved)
[    0.000000] SLUB: HWalign=64, Order=0-3, MinObjects=0, CPUs=2, Nodes=1
[    0.000000] Kernel/User page tables isolation: enabled
[    0.000000] Hierarchical RCU implementation.
[    0.000000] 	Build-time adjustment of leaf fanout to 64.
[    0.000000] 	RCU restricting CPUs from NR_CPUS=512 to nr_cpu_ids=2.
[    0.000000] RCU: Adjusting geometry for rcu_fanout_leaf=64, nr_cpu_ids=2
[    0.000000] NR_IRQS:33024 nr_irqs:440 16
[    0.000000] Console: colour VGA+ 80x25
[    0.000000] console [tty1] enabled
[    0.000000] console [ttyS0] enabled
[    0.000000] tsc: Detected 2594.116 MHz processor
[    0.503697] Calibrating delay loop (skipped) preset value.. 5188.23 BogoMIPS (lpj=10376464)
[    0.508124] pid_max: default: 32768 minimum: 301
[    0.510675] ACPI: Core revision 20150930
[    0.517799] ACPI: 2 ACPI AML tables successfully acquired and loaded
[    0.521986] Security Framework initialized
[    0.524301] Yama: becoming mindful.
[    0.526155] AppArmor: AppArmor initialized
[    0.530801] Dentry cache hash table entries: 262144 (order: 9, 2097152 bytes)
[    0.541506] Inode-cache hash table entries: 131072 (order: 8, 1048576 bytes)
[    0.548051] Mount-cache hash table entries: 4096 (order: 3, 32768 bytes)
[    0.552589] Mountpoint-cache hash table entries: 4096 (order: 3, 32768 bytes)
[    0.557435] Initializing cgroup subsys io
[    0.559907] Initializing cgroup subsys memory
[    0.562583] Initializing cgroup subsys devices
[    0.565588] Initializing cgroup subsys freezer
[    0.568914] Initializing cgroup subsys net_cls
[    0.571801] Initializing cgroup subsys perf_event
[    0.574469] Initializing cgroup subsys net_prio
[    0.576546] Initializing cgroup subsys hugetlb
[    0.578533] Initializing cgroup subsys pids
[    0.581077] mce: CPU supports 0 MCE banks
[    0.584290] Last level iTLB entries: 4KB 512, 2MB 8, 4MB 8
[    0.587254] Last level dTLB entries: 4KB 512, 2MB 32, 4MB 32, 1GB 0
[    0.590743] Spectre V1 : Mitigation: usercopy/swapgs barriers and __user pointer sanitization
[    0.594607] Spectre V2 : Mitigation: Full generic retpoline
[    0.597051] Spectre V2 : Spectre v2 / SpectreRSB mitigation: Filling RSB on context switch
[    0.603095] Speculative Store Bypass: Vulnerable
[    0.607971] SRBDS: Unknown: Dependent on hypervisor status
[    0.610546] MDS: Mitigation: Clear CPU buffers
[    0.620949] Freeing SMP alternatives memory: 36K
[    0.643163] ftrace: allocating 32322 entries in 127 pages
[    0.841345] smpboot: APIC(0) Converting physical 0 to logical package 0
[    0.844094] smpboot: Max logical packages: 1
[    0.847033] x2apic enabled
[    0.850933] Switched APIC routing to physical x2apic.
[    0.857571] ..TIMER: vector=0x30 apic1=0 pin1=2 apic2=-1 pin2=-1
[    0.968507] smpboot: CPU0: Intel(R) Core(TM) i5-3230M CPU @ 2.60GHz (family: 0x6, model: 0x3a, stepping: 0x9)
[    0.974466] Performance Events: unsupported p6 CPU model 58 no PMU driver, software events only.
[    1.004149] KVM setup paravirtual spinlock
[    1.009106] x86: Booting SMP configuration:
[    1.011422] .... node  #0, CPUs:      #1
[    1.013603] kvm-clock: cpu 1, msr 0:7e7e3041, secondary cpu clock
[    1.016070] mce: CPU supports 0 MCE banks
[    1.019996] x86: Booted up 1 node, 2 CPUs
[    1.022700] smpboot: Total of 2 processors activated (10376.46 BogoMIPS)
[    1.026628] devtmpfs: initialized
[    1.045431] evm: security.selinux
[    1.048429] evm: security.SMACK64
[    1.052680] evm: security.SMACK64EXEC
[    1.055355] evm: security.SMACK64TRANSMUTE
[    1.058342] evm: security.SMACK64MMAP
[    1.060855] evm: security.ima
[    1.062588] evm: security.capability
[    1.064912] clocksource: jiffies: mask: 0xffffffff max_cycles: 0xffffffff, max_idle_ns: 7645041785100000 ns
[    1.073509] futex hash table entries: 512 (order: 3, 32768 bytes)
[    1.076856] pinctrl core: initialized pinctrl subsystem
[    1.079389] RTC time: 23:22:54, date: 08/04/20
[    1.081851] NET: Registered protocol family 16
[    1.097437] cpuidle: using governor ladder
[    1.109132] cpuidle: using governor menu
[    1.111056] PCCT header not found.
[    1.112909] ACPI: bus type PCI registered
[    1.114880] acpiphp: ACPI Hot Plug PCI Controller Driver version: 0.5
[    1.119112] PCI: Using configuration type 1 for base access
[    1.142070] ACPI: Added _OSI(Module Device)
[    1.144085] ACPI: Added _OSI(Processor Device)
[    1.146199] ACPI: Added _OSI(3.0 _SCP Extensions)
[    1.148475] ACPI: Added _OSI(Processor Aggregator Device)
[    1.155513] ACPI: Executed 1 blocks of module-level executable AML code
[    1.172506] ACPI: Interpreter enabled
[    1.174922] ACPI: (supports S0 S5)
[    1.177023] ACPI: Using IOAPIC for interrupt routing
[    1.179916] PCI: Using host bridge windows from ACPI; if necessary, use "pci=nocrs" and report a bug
[    1.198481] ACPI: PCI Root Bridge [PCI0] (domain 0000 [bus 00-ff])
[    1.202989] acpi PNP0A03:00: _OSC: OS supports [ASPM ClockPM Segments MSI]
[    1.208508] acpi PNP0A03:00: _OSC: not requesting OS control; OS requires [ExtendedConfig ASPM ClockPM MSI]
[    1.213748] acpi PNP0A03:00: fail to add MMCONFIG information, can't access extended PCI configuration space under this bridge.
[    1.222795] PCI host bridge to bus 0000:00
[    1.224955] pci_bus 0000:00: root bus resource [io  0x0000-0x0cf7 window]
[    1.227702] pci_bus 0000:00: root bus resource [io  0x0d00-0xffff window]
[    1.230490] pci_bus 0000:00: root bus resource [mem 0x000a0000-0x000bffff window]
[    1.235304] pci_bus 0000:00: root bus resource [mem 0x7e800000-0xfdffffff window]
[    1.239591] pci_bus 0000:00: root bus resource [bus 00-ff]
[    1.245603] pci 0000:00:01.1: legacy IDE quirk: reg 0x10: [io  0x01f0-0x01f7]
[    1.248461] pci 0000:00:01.1: legacy IDE quirk: reg 0x14: [io  0x03f6]
[    1.252902] pci 0000:00:01.1: legacy IDE quirk: reg 0x18: [io  0x0170-0x0177]
[    1.298929] pci 0000:00:01.1: legacy IDE quirk: reg 0x1c: [io  0x0376]
[    1.354440] pci 0000:00:07.0: quirk: [io  0x4000-0x403f] claimed by PIIX4 ACPI
[    1.358254] pci 0000:00:07.0: quirk: [io  0x4100-0x410f] claimed by PIIX4 SMB
[    1.391393] ACPI: PCI Interrupt Link [LNKA] (IRQs 5 9 10 *11)
[    1.395310] ACPI: PCI Interrupt Link [LNKB] (IRQs 5 9 *10 11)
[    1.400743] ACPI: PCI Interrupt Link [LNKC] (IRQs 5 *9 10 11)
[    1.406867] ACPI: PCI Interrupt Link [LNKD] (IRQs 5 9 10 *11)
[    1.411051] ACPI: Enabled 2 GPEs in block 00 to 07
[    1.414855] vgaarb: setting as boot device: PCI:0000:00:02.0
[    1.419222] vgaarb: device added: PCI:0000:00:02.0,decodes=io+mem,owns=io+mem,locks=none
[    1.424479] vgaarb: loaded
[    1.426240] vgaarb: bridge control possible 0000:00:02.0
[    1.429209] SCSI subsystem initialized
[    1.431335] ACPI: bus type USB registered
[    1.435317] usbcore: registered new interface driver usbfs
[    1.440665] usbcore: registered new interface driver hub
[    1.443084] usbcore: registered new device driver usb
[    1.446026] PCI: Using ACPI for IRQ routing
[    1.448626] NetLabel: Initializing
[    1.452253] NetLabel:  domain hash size = 128
[    1.454885] NetLabel:  protocols = UNLABELED CIPSOv4
[    1.458044] NetLabel:  unlabeled traffic allowed by default
[    1.461165] amd_nb: Cannot enumerate AMD northbridges
[    1.463667] clocksource: Switched to clocksource kvm-clock
[    1.489497] AppArmor: AppArmor Filesystem Enabled
[    1.491979] pnp: PnP ACPI init
[    1.495605] pnp: PnP ACPI: found 3 devices
[    1.514318] clocksource: acpi_pm: mask: 0xffffff max_cycles: 0xffffff, max_idle_ns: 2085701024 ns
[    1.519789] NET: Registered protocol family 2
[    1.523432] TCP established hash table entries: 16384 (order: 5, 131072 bytes)
[    1.527284] TCP bind hash table entries: 16384 (order: 6, 262144 bytes)
[    1.530245] TCP: Hash tables configured (established 16384 bind 16384)
[    1.533262] UDP hash table entries: 1024 (order: 3, 32768 bytes)
[    1.537529] UDP-Lite hash table entries: 1024 (order: 3, 32768 bytes)
[    1.541938] NET: Registered protocol family 1
[    1.545018] pci 0000:00:00.0: Limiting direct PCI/PCI transfers
[    1.547652] pci 0000:00:01.0: Activating ISA DMA hang workarounds
[    1.552600] Unpacking initramfs...
[    2.271114] Freeing initrd memory: 15432K
[    2.273606] RAPL PMU detected, API unit is 2^-32 Joules, 3 fixed counters 10737418240 ms ovfl timer
[    2.277712] hw unit of domain pp0-core 2^-0 Joules
[    2.279942] hw unit of domain package 2^-0 Joules
[    2.282062] hw unit of domain pp1-gpu 2^-0 Joules
[    2.285216] clocksource: tsc: mask: 0xffffffffffffffff max_cycles: 0x256485898c4, max_idle_ns: 440795246280 ns
[    2.290282] platform rtc_cmos: registered platform RTC device (no PNP device found)
[    2.293957] Scanning for low memory corruption every 60 seconds
[    2.297473] audit: initializing netlink subsys (disabled)
[    2.299768] audit: type=2000 audit(1596583382.705:1): initialized
[    2.303914] Initialise system trusted keyring
[    2.306897] HugeTLB registered 2 MB page size, pre-allocated 0 pages
[    2.312860] zbud: loaded
[    2.315058] VFS: Disk quotas dquot_6.6.0
[    2.317640] VFS: Dquot-cache hash table entries: 512 (order 0, 4096 bytes)
[    2.324513] squashfs: version 4.0 (2009/01/31) Phillip Lougher
[    2.328317] fuse init (API version 7.23)
[    2.330650] Key type big_key registered
[    2.332529] Allocating IMA MOK and blacklist keyrings.
[    2.337840] Key type asymmetric registered
[    2.340696] Asymmetric key parser 'x509' registered
[    2.343277] Block layer SCSI generic (bsg) driver version 0.4 loaded (major 249)
[    2.346955] io scheduler noop registered
[    2.349054] io scheduler deadline registered (default)
[    2.352170] io scheduler cfq registered
[    2.354289] pci_hotplug: PCI Hot Plug PCI Core version: 0.5
[    2.356812] pciehp: PCI Express Hot Plug Controller Driver version: 0.4
[    2.359877] ACPI: AC Adapter [AC] (on-line)
[    2.361896] input: Power Button as /devices/LNXSYSTM:00/LNXPWRBN:00/input/input0
[    2.365419] ACPI: Power Button [PWRF]
[    2.367572] input: Sleep Button as /devices/LNXSYSTM:00/LNXSLPBN:00/input/input1
[    2.371617] ACPI: Sleep Button [SLPF]
[    2.374175] GHES: HEST is not enabled!
[    2.375639] ACPI: Battery Slot [BAT0] (battery present)
[    2.378952] Serial: 8250/16550 driver, 32 ports, IRQ sharing enabled
[    2.407348] 00:02: ttyS0 at I/O 0x3f8 (irq = 4, base_baud = 115200) is a 16550A
[    2.416370] Linux agpgart interface v0.103
[    2.423754] loop: module loaded
[    2.427116] scsi host0: ata_piix
[    2.430044] scsi host1: ata_piix
[    2.432247] ata1: PATA max UDMA/33 cmd 0x1f0 ctl 0x3f6 bmdma 0xd000 irq 14
[    2.435776] ata2: PATA max UDMA/33 cmd 0x170 ctl 0x376 bmdma 0xd008 irq 15
[    2.439209] libphy: Fixed MDIO Bus: probed
[    2.441418] tun: Universal TUN/TAP device driver, 1.6
[    2.444205] tun: (C) 1999-2004 Max Krasnyansky <maxk@qualcomm.com>
[    2.447761] PPP generic driver version 2.4.2
[    2.450644] ehci_hcd: USB 2.0 'Enhanced' Host Controller (EHCI) Driver
[    2.454112] ehci-pci: EHCI PCI platform driver
[    2.456634] ehci-platform: EHCI generic platform driver
[    2.460103] ohci_hcd: USB 1.1 'Open' Host Controller (OHCI) Driver
[    2.465323] ohci-pci: OHCI PCI platform driver
[    2.471889] ohci-platform: OHCI generic platform driver
[    2.476473] uhci_hcd: USB Universal Host Controller Interface driver
[    2.488071] i8042: PNP: PS/2 Controller [PNP0303:PS2K,PNP0f03:PS2M] at 0x60,0x64 irq 1,12
[    2.495346] serio: i8042 KBD port at 0x60,0x64 irq 1
[    2.498473] serio: i8042 AUX port at 0x60,0x64 irq 12
[    2.505832] mousedev: PS/2 mouse device common for all mice
[    2.508942] input: AT Translated Set 2 keyboard as /devices/platform/i8042/serio0/input/input2
[    2.513736] rtc_cmos rtc_cmos: rtc core: registered rtc_cmos as rtc0
[    2.517463] rtc_cmos rtc_cmos: alarms up to one day, 114 bytes nvram
[    2.520574] i2c /dev entries driver
[    2.522624] device-mapper: uevent: version 1.0.3
[    2.525219] device-mapper: ioctl: 4.34.0-ioctl (2015-10-28) initialised: dm-devel@redhat.com
[    2.530923] ledtrig-cpu: registered to indicate activity on CPUs
[    2.534231] NET: Registered protocol family 10
[    2.537150] NET: Registered protocol family 17
[    2.539170] Key type dns_resolver registered
[    2.544561] registered taskstats version 1
[    2.546592] Loading compiled-in X.509 certificates
[    2.550918] Loaded X.509 cert 'Build time autogenerated kernel key: 63b33e3df6fd3cb2c2f5596d77e3bacd7122c70c'
[    2.560206] zswap: loaded using pool lzo/zbud
[    2.566197] Key type trusted registered
[    2.578368] Key type encrypted registered
[    2.580452] AppArmor: AppArmor sha1 policy hashing enabled
[    2.583089] ima: No TPM chip found, activating TPM-bypass!
[    2.586367] ima: Allocated hash algorithm: sha1
[    2.589789] evm: HMAC attrs: 0x1
[    2.592295]   Magic number: 0:576:402
[    2.594348] rtc_cmos rtc_cmos: setting system clock to 2020-08-04 23:22:56 UTC (1596583376)
[    2.638953] BIOS EDD facility v0.16 2004-Jun-25, 0 devices found
[    2.642549] EDD information not available.
[    2.650036] Freeing unused kernel memory: 1488K
[    2.652623] Write protecting the kernel read-only data: 14336k
[    2.656175] Freeing unused kernel memory: 1596K
[    2.658572] Freeing unused kernel memory: 60K
Loading, please wait...
starting version 229
[    2.688231] random: systemd-udevd: uninitialized urandom read (16 bytes read, 3 bits of entropy available)
[    2.689310] random: udevadm: uninitialized urandom read (16 bytes read, 3 bits of entropy available)
[    2.689342] random: udevadm: uninitialized urandom read (16 bytes read, 3 bits of entropy available)
[    2.706331] random: systemd-udevd: uninitialized urandom read (16 bytes read, 3 bits of entropy available)
[    2.711826] random: systemd-udevd: uninitialized urandom read (16 bytes read, 3 bits of entropy available)
[    2.718984] random: systemd-udevd: uninitialized urandom read (16 bytes read, 3 bits of entropy available)
[    2.721677] random: udevadm: uninitialized urandom read (16 bytes read, 3 bits of entropy available)
[    2.721914] random: udevadm: uninitialized urandom read (16 bytes read, 3 bits of entropy available)
[    2.722385] random: udevadm: uninitialized urandom read (16 bytes read, 3 bits of entropy available)
[    2.722505] random: udevadm: uninitialized urandom read (16 bytes read, 3 bits of entropy available)
[    2.833729] e1000: Intel(R) PRO/1000 Network Driver - version 7.3.21-k8-NAPI
[    2.841220] e1000: Copyright (c) 1999-2006 Intel Corporation.
[    2.856759] Fusion MPT base driver 3.04.20
[    2.859176] Copyright (c) 1999-2008 LSI Corporation
[    2.910995] AVX version of gcm_enc/dec engaged.
[    2.913916] AES CTR mode by8 optimization enabled
[    2.938630] Fusion MPT SPI Host driver 3.04.20
[    3.091913] input: ImExPS/2 Generic Explorer Mouse as /devices/platform/i8042/serio1/input/input4
[    3.479177] e1000 0000:00:03.0 eth0: (PCI:33MHz:32-bit) 02:11:c2:af:aa:45
[    3.482229] e1000 0000:00:03.0 eth0: Intel(R) PRO/1000 Network Connection
[    3.486788] mptbase: ioc0: Initiating bringup
[    3.553612] ioc0: LSI53C1030 A0: Capabilities={Initiator}
[    3.762404] scsi host2: ioc0: LSI53C1030 A0, FwRev=00000000h, Ports=1, MaxQ=256, IRQ=20
[    3.880809] scsi 2:0:0:0: Direct-Access     VBOX     HARDDISK         1.0  PQ: 0 ANSI: 5
[    3.888093] scsi target2:0:0: Beginning Domain Validation
[    3.894229] scsi target2:0:0: Domain Validation skipping write tests
[    3.897777] scsi target2:0:0: Ending Domain Validation
[    3.901500] scsi target2:0:0: asynchronous
[    3.963972] scsi 2:0:1:0: Direct-Access     VBOX     HARDDISK         1.0  PQ: 0 ANSI: 5
[    3.968989] scsi target2:0:1: Beginning Domain Validation
[    3.974822] scsi target2:0:1: Domain Validation skipping write tests
[    3.978394] scsi target2:0:1: Ending Domain Validation
[    3.982102] scsi target2:0:1: asynchronous
[    4.002093] sd 2:0:0:0: Attached scsi generic sg0 type 0
[    4.006960] sd 2:0:1:0: [sdb] 20480 512-byte logical blocks: (10.5 MB/10.0 MiB)
[    4.008212] sd 2:0:0:0: [sda] 20971520 512-byte logical blocks: (10.7 GB/10.0 GiB)
[    4.017598] sd 2:0:1:0: Attached scsi generic sg1 type 0
[    4.021528] sd 2:0:1:0: [sdb] Write Protect is off
[    4.024296] sd 2:0:0:0: [sda] Write Protect is off
[    4.027070] sd 2:0:0:0: [sda] Incomplete mode parameter data
[    4.030266] sd 2:0:0:0: [sda] Assuming drive cache: write through
[    4.033745] sd 2:0:1:0: [sdb] Incomplete mode parameter data
[    4.036974] sd 2:0:1:0: [sdb] Assuming drive cache: write through
[    4.063212]  sda: sda1
[    4.066192] sd 2:0:0:0: [sda] Attached SCSI disk
[    4.082040] sd 2:0:1:0: [sdb] Attached SCSI disk
[    4.529443] e1000 0000:00:08.0 eth1: (PCI:33MHz:32-bit) 08:00:27:64:41:3a
[    4.532782] e1000 0000:00:08.0 eth1: Intel(R) PRO/1000 Network Connection
[    4.538148] e1000 0000:00:03.0 enp0s3: renamed from eth0
[    4.696826] e1000 0000:00:08.0 enp0s8: renamed from eth1
Begin: Loading essential drivers ... [    7.154938] md: linear personality registered for level -1
[    7.163165] md: multipath personality registered for level -4
[    7.170589] md: raid0 personality registered for level 0
[    7.180283] md: raid1 personality registered for level 1
[    7.256127] raid6: sse2x1   gen()  2148 MB/s
[    7.323939] raid6: sse2x1   xor()  1104 MB/s
[    7.392673] raid6: sse2x2   gen()  2598 MB/s
[    7.463800] raid6: sse2x2   xor()  1586 MB/s
[    7.532031] raid6: sse2x4   gen()  3487 MB/s
[    7.600057] raid6: sse2x4   xor()  1779 MB/s
[    7.605067] raid6: using algorithm sse2x4 gen() 3487 MB/s
[    7.611987] raid6: .... xor() 1779 MB/s, rmw enabled
[    7.616983] raid6: using ssse3x2 recovery algorithm
[    7.627250] xor: automatically using best checksumming function:
[    7.679749]    avx       : 16969.000 MB/sec
[    7.686319] async_tx: api initialized (async)
[    7.719261] md: raid6 personality registered for level 6
[    7.722895] md: raid5 personality registered for level 5
[    7.729814] md: raid4 personality registered for level 4
[    7.756074] md: raid10 personality registered for level 10
done.
Begin: Running /scripts/init-premount ... done.
Begin: Mounting root file system ... Begin: Running /scripts/local-top ... done.
Begin: Running /scripts/local-premount ... [    7.907941] Btrfs loaded
Scanning for Btrfs filesystems
done.
Warning: fsck not present, so skipping root file system
[    8.060201] EXT4-fs (sda1): mounted filesystem with ordered data mode. Opts: (null)
done.
Begin: Running /scripts/local-bottom ... done.
Begin: Running /scripts/init-bottom ... done.
[    9.415750] random: nonblocking pool is initialized
[   10.568109] systemd[1]: systemd 229 running in system mode. (+PAM +AUDIT +SELINUX +IMA +APPARMOR +SMACK +SYSVINIT +UTMP +LIBCRYPTSETUP +GCRYPT +GNUTLS +ACL +XZ -LZ4 +SECCOMP +BLKID +ELFUTILS +KMOD -IDN)
[   10.577564] systemd[1]: Detected virtualization oracle.
[   10.582964] systemd[1]: Detected architecture x86-64.

Welcome to [1mUbuntu 16.04.6 LTS[0m!

[   10.631807] systemd[1]: Set hostname to <xenial>.
[   12.086988] systemd[1]: Listening on Journal Socket.
[[0;32m  OK  [0m] Listening on Journal Socket.
[   12.096543] systemd[1]: Set up automount Arbitrary Executable File Formats File System Automount Point.
[[0;32m  OK  [0m] Set up automount Arbitrary Executab...ats File System Automount Point.
[   12.105604] systemd[1]: Created slice User and Session Slice.
[[0;32m  OK  [0m] Created slice User and Session Slice.
[   12.115996] systemd[1]: Reached target Encrypted Volumes.
[[0;32m  OK  [0m] Reached target Encrypted Volumes.
[   12.119980] systemd[1]: Reached target Swap.
[[0;32m  OK  [0m] Reached target Swap.
[   12.127999] systemd[1]: Listening on Syslog Socket.
[[0;32m  OK  [0m] Listening on Syslog Socket.
[   12.131864] systemd[1]: Listening on Journal Audit Socket.
[[0;32m  OK  [0m] Listening on Journal Audit Socket.
[   12.145236] systemd[1]: Reached target User and Group Name Lookups.
[[0;32m  OK  [0m] Reached target User and Group Name Lookups.
[   12.156003] systemd[1]: Reached target System Time Synchronized.
[[0;32m  OK  [0m] Reached target System Time Synchronized.
[   12.168697] systemd[1]: Created slice System Slice.
[[0;32m  OK  [0m] Created slice System Slice.
[   12.207962] systemd[1]: Starting Load Kernel Modules...
         Starting Load Kernel Modules...
[   12.214937] systemd[1]: Starting Create list of required static device nodes for the current kernel...
         Starting Create list of required st... nodes for the current kernel...
[   12.222801] systemd[1]: Created slice system-serial\x2dgetty.slice.
[[0;32m  OK  [0m] Created slice system-serial\x2dgetty.slice.
[   12.264504] systemd[1]: Mounting Debug File System...
         Mounting Debug File System...
[   12.284657] systemd[1]: Starting Uncomplicated firewall...
         Starting Uncomplicated firewall...
[   12.297122] systemd[1]: Starting Remount Root and Kernel File Systems...
         Starting Remount Root and Kernel File Systems...
[   12.307922] systemd[1]: Starting Nameserver information manager...
         Starting Nameserver information manager...
[   12.314158] systemd[1]: Listening on LVM2 poll daemon socket.
[[0;32m  OK  [0m] Listening on LVM2 poll daemon socket.
[   12.319624] systemd[1]: Reached target Slices.
[[0;32m  OK  [0m] Reached target Slices.
[   12.325141] systemd[1]: Mounting POSIX Message Queue File System...
         Mounting POSIX Message Queue File System...
[   12.330931] systemd[1]: Listening on /dev/initctl Compatibility Named Pipe.
[[0;32m  OK  [0m] Listening on /dev/initctl Compatibility Named Pipe.
[   12.337232] systemd[1]: Listening on udev Control Socket.
[[0;32m  OK  [0m] Listening on udev Control Socket.
[   12.341126] systemd[1]: Listening on Journal Socket (/dev/log).
[[0;32m  OK  [0m] Listening on Journal Socket (/dev/log).
[   12.347178] systemd[1]: Starting Journal Service...
         Starting Journal Service...
[   12.354112] systemd[1]: Starting Set console keymap...
[   12.358358] Loading iSCSI transport class v2.0-870.
         Starting Set console keymap...
[   12.362956] systemd[1]: Started Forward Password Requests to Wall Directory Watch.
[[0;32m  OK  [0m] Started Forward Password Requests to Wall Directory Watch.
[   12.368683] systemd[1]: Listening on Device-mapper event daemon FIFOs.
[[0;32m  OK  [0m] Listening on Device-mapper event daemon FIFOs.
[   12.373248] systemd[1]: Started Trigger resolvconf update for networkd DNS.
[[0;32m  OK  [0m] Started Trigger resolvconf update for networkd DNS.
[   12.377734] systemd[1]: Listening on LVM2 metadata daemon socket.
[[0;32m  OK  [0m] Listening on LVM2 metadata daemon socket.
[   12.392060] systemd[1]: Starting Monitoring of LVM2 mirrors, snapshots etc. using dmeventd or progress polling...
         Starting Monitoring of LVM2 mirrors... dmeventd or progress polling...
[   12.403992] systemd[1]: Listening on udev Kernel Socket.
[[0;32m  OK  [0m] Listening on udev Kernel Socket.
[   12.411060] systemd[1]: Mounting Huge Pages File System...
         Mounting Huge Pages File System...
[   12.428131] systemd[1]: Started Create list of required static device nodes for the current kernel.
[[0;32m  OK  [0m] Started Create list of required sta...ce nodes for the current kernel.
[   12.438132] systemd[1]: Started Uncomplicated firewall.
[[0;32m  OK  [0m] Started Uncomplicated firewall.
[   12.456374] systemd[1]: Starting Create Static Device Nodes in /dev...
         Starting Create Static Device Nodes in /dev...
[   12.549609] iscsi: registered transport (tcp)
[   12.934509] systemd[1]: Started Journal Service.
[[0;32m  OK  [0m] Started Journal Service.
[[0;32m  OK  [0m] Mounted Debug File System.
[   13.070210] EXT4-fs (sda1): re-mounted. Opts: (null)
[[0;32m  OK  [0m] Mounted POSIX Message Queue File System.
[[0;32m  OK  [0m] Mounted Huge Pages File System.
[[0;32m  OK  [0m] Started Remount Root and Kernel File Systems.
         Starting udev Coldplug all Devices...
         Starting Load/Save Random Seed...
         Starting Flush Journal to Persistent Storage...
[[0;32m  OK  [0m] Started Nameserver information manager.
[[0;32m  OK  [0m] Started LVM2 metadata daemon.
[[0;32m  OK  [0m] Started Load/Save Random Seed.
[[0;32m  OK  [0m] Started Create Static Device Nodes in /dev.
         Starting udev Kernel Device Manager...
[   13.436439] iscsi: registered transport (iser)
[[0;32m  OK  [0m] Started Load Kernel Modules.
         Mounting FUSE Control File System...
[   13.458342] systemd-journald[392]: Received request to flush runtime journal from PID 1
         Starting Apply Kernel Variables...
[[0;32m  OK  [0m] Mounted FUSE Control File System.
[[0;32m  OK  [0m] Started Flush Journal to Persistent Storage.
[[0;32m  OK  [0m] Started Set console keymap.
[[0;32m  OK  [0m] Started udev Coldplug all Devices.
[[0;32m  OK  [0m] Started Monitoring of LVM2 mirrors,...ng dmeventd or progress polling.
[[0;32m  OK  [0m] Started Apply Kernel Variables.
[[0;32m  OK  [0m] Reached target Local File Systems (Pre).
[[0;32m  OK  [0m] Reached target Local File Systems.
         Starting Tell Plymouth To Write Out Runtime Data...
         Starting LSB: AppArmor initialization...
         Starting Create Volatile Files and Directories...
         Starting Initial cloud-init job (pre-networking)...
         Starting Set console font and keymap...
[[0;32m  OK  [0m] Started Tell Plymouth To Write Out Runtime Data.
[[0;32m  OK  [0m] Started Create Volatile Files and Directories.
         Starting Update UTMP about System Boot/Shutdown...
[[0;32m  OK  [0m] Started Update UTMP about System Boot/Shutdown.
[[0;32m  OK  [0m] Started udev Kernel Device Manager.
[[0;32m  OK  [0m] Started Dispatch Password Requests to Console Directory Watch.
[[0;32m  OK  [0m] Found device /dev/ttyS0.
[[0;32m  OK  [0m] Listening on Load/Save RF Kill Switch Status /dev/rfkill Watch.
[[0;32m  OK  [0m] Found device 82540EM Gigabit Ethern...r (PRO/1000 MT Desktop Adapter).
[[0;32m  OK  [0m] Started LSB: AppArmor initialization.
[[0;32m  OK  [0m] Found device 82540EM Gigabit Ethern...r (PRO/1000 MT Desktop Adapter).
         Starting Load AppArmor profiles managed internally by snapd...
[[0;32m  OK  [0m] Started Load AppArmor profiles managed internally by snapd.
[[0;32m  OK  [0m] Started Set console font and keymap.
[[0;32m  OK  [0m] Created slice system-getty.slice.
[   21.972097] cloud-init[476]: Cloud-init v. 19.1-1-gbaa47854-0ubuntu1~16.04.1 running 'init-local' at Tue, 04 Aug 2020 23:23:15 +0000. Up 20.64 seconds.
[[0;32m  OK  [0m] Started Initial cloud-init job (pre-networking).
[[0;32m  OK  [0m] Reached target Network (Pre).
         Starting Raise network interfaces...
[[0;32m  OK  [0m] Started ifup for enp0s8.
[[0;32m  OK  [0m] Started ifup for enp0s3.
[[0;32m  OK  [0m] Started Raise network interfaces.
         Starting Initial cloud-init job (metadata service crawler)...
[[0;32m  OK  [0m] Reached target Network.
[   24.674229] cloud-init[1087]: Cloud-init v. 19.1-1-gbaa47854-0ubuntu1~16.04.1 running 'init' at Tue, 04 Aug 2020 23:23:18 +0000. Up 23.44 seconds.
[   24.679088] cloud-init[1087]: ci-info: ++++++++++++++++++++++++++++++++++++++Net device info+++++++++++++++++++++++++++++++++++++++
[   24.684272] cloud-init[1087]: ci-info: +--------+------+-----------------------------+---------------+--------+-------------------+
[   24.688945] cloud-init[1087]: ci-info: | Device |  Up  |           Address           |      Mask     | Scope  |     Hw-Address    |
[   24.692782] cloud-init[1087]: ci-info: +--------+------+-----------------------------+---------------+--------+-------------------+
[   24.697087] cloud-init[1087]: ci-info: | enp0s3 | True |          10.0.2.15          | 255.255.255.0 | global | 02:11:c2:af:aa:45 |
[   24.701783] cloud-init[1087]: ci-info: | enp0s3 | True |  fe80::11:c2ff:feaf:aa45/64 |       .       |  link  | 02:11:c2:af:aa:45 |
[   24.705954] cloud-init[1087]: ci-info: | enp0s8 | True |        192.168.33.78        | 255.255.255.0 | global | 08:00:27:64:41:3a |
[   24.710037] cloud-init[1087]: ci-info: | enp0s8 | True | fe80::a00:27ff:fe64:413a/64 |       .       |  link  | 08:00:27:64:41:3a |
[   24.715248] cloud-init[1087]: ci-info: |   lo   | True |          127.0.0.1          |   255.0.0.0   |  host  |         .         |
[   24.719279] cloud-init[1087]: ci-info: |   lo   | True |           ::1/128           |       .       |  host  |         .         |
[   24.722958] cloud-init[1087]: ci-info: +--------+------+-----------------------------+---------------+--------+-------------------+
[   24.726692] cloud-init[1087]: ci-info: ++++++++++++++++++++++++++++Route IPv4 info++++++++++++++++++++++++++++
[   24.731567] cloud-init[1087]: ci-info: +-------+--------------+----------+---------------+-----------+-------+
[   24.734995] cloud-init[1087]: ci-info: | Route | Destination  | Gateway  |    Genmask    | Interface | Flags |
[   24.739408] cloud-init[1087]: ci-info: +-------+--------------+----------+---------------+-----------+-------+
[   24.743299] cloud-init[1087]: ci-info: |   0   |   0.0.0.0    | 10.0.2.2 |    0.0.0.0    |   enp0s3  |   UG  |
[   24.747700] cloud-init[1087]: ci-info: |   1   |   10.0.2.0   | 0.0.0.0  | 255.255.255.0 |   enp0s3  |   U   |
[   24.751979] cloud-init[1087]: ci-info: |   2   | 192.168.33.0 | 0.0.0.0  | 255.255.255.0 |   enp0s8  |   U   |
[   24.756111] cloud-init[1087]: ci-info: +-------+--------------+----------+---------------+-----------+-------+
[   24.763321] cloud-init[1087]: ci-info: +++++++++++++++++++Route IPv6 info+++++++++++++++++++
[   24.766213] cloud-init[1087]: ci-info: +-------+-------------+---------+-----------+-------+
[   24.769565] cloud-init[1087]: ci-info: | Route | Destination | Gateway | Interface | Flags |
[   24.772722] cloud-init[1087]: ci-info: +-------+-------------+---------+-----------+-------+
[   24.775530] cloud-init[1087]: ci-info: |   0   |  fe80::/64  |    ::   |   enp0s8  |   U   |
[   24.778814] cloud-init[1087]: ci-info: |   1   |  fe80::/64  |    ::   |   enp0s3  |   U   |
[[0;32m  OK  [0m] Started Initial cloud-init job (metadata service crawler).
[   24.783959] cloud-init[1087]: ci-info: |   4   |   ff00::/8  |    ::   |   enp0s8  |   U   |
[   24.788287] [[0;32m  OK  [0m] Reached target Network is Online.
cloud-init[1087]: ci-info: |   5   |   ff00::/8  |    ::   |   enp0s3  |   U   |
[   24.792183] cloud-init[1087]: ci-info: +-------+-------------+---------+-----------+-------+
         Starting iSCSI initiator daemon (iscsid)...
[[0;32m  OK  [0m] Reached target Cloud-config availability.
[[0;32m  OK  [0m] Reached target System Initialization.
[[0;32m  OK  [0m] Listening on UUID daemon activation socket.
[[0;32m  OK  [0m] Started ACPI Events Check.
[[0;32m  OK  [0m] Reached target Paths.
[[0;32m  OK  [0m] Started Daily Cleanup of Temporary Directories.
         Starting Socket activation for snappy daemon.
         Starting LXD - unix socket.
[[0;32m  OK  [0m] Listening on D-Bus System Message Bus Socket.
[[0;32m  OK  [0m] Started Daily apt download activities.
[[0;32m  OK  [0m] Started Daily apt upgrade and clean activities.
[[0;32m  OK  [0m] Reached target Timers.
[[0;32m  OK  [0m] Listening on ACPID Listen Socket.
[[0;32m  OK  [0m] Listening on Socket activation for snappy daemon.
[[0;32m  OK  [0m] Listening on LXD - unix socket.
[[0;32m  OK  [0m] Reached target Sockets.
[[0;32m  OK  [0m] Reached target Basic System.
[[0;32m  OK  [0m] Started Deferred execution scheduler.
         Starting MySQL Community Server...
[[0;32m  OK  [0m] Started D-Bus System Message Bus.
         Starting LSB: MD monitoring daemon...
[[0;32m  OK  [0m] Started Regular background program processing daemon.
         Starting Virtualbox guest utils...
         Starting LXD - container startup/shutdown...
         Starting Snap Daemon...
         Starting OpenBSD Secure Shell server...
         Starting System Logging Service...
         Starting LSB: Record successful boot for GRUB...
[[0;32m  OK  [0m] Started FUSE filesystem for LXC.
         Starting /etc/rc.local Compatibility...
         Starting Accounts Service...
         Starting Login Service...
[[0;32m  OK  [0m] Started ACPI event daemon.
[[0;32m  OK  [0m] Started iSCSI initiator daemon (iscsid).
[[0;32m  OK  [0m] Started /etc/rc.local Compatibility.
         Starting Login to default iSCSI targets...
[[0;32m  OK  [0m] Started LSB: Record successful boot for GRUB.
[[0;32m  OK  [0m] Started Login to default iSCSI targets.
[[0;32m  OK  [0m] Reached target Remote File Systems (Pre).
[[0;32m  OK  [0m] Reached target Remote File Systems.
         Starting Permit User Sessions...
         Starting LSB: Apache2 web server...
         Starting LSB: automatic crash report generation...
         Starting LSB: Set the CPU Frequency Scaling governor to "ondemand"...
         Starting LSB: daemon to balance interrupts for SMP systems...
[[0;32m  OK  [0m] Started LSB: Set the CPU Frequency Scaling governor to "ondemand".
[[0;32m  OK  [0m] Started LSB: MD monitoring daemon.
[[0;32m  OK  [0m] Started Login Service.
[[0;32m  OK  [0m] Started Unattended Upgrades Shutdown.
[[0;32m  OK  [0m] Started System Logging Service.
[[0;32m  OK  [0m] Started Permit User Sessions.
         Starting Hold until boot process finishes up...
         Starting Terminate Plymouth Boot Screen...
[[0;32m  OK  [0m] Started Hold until boot process finishes up.
[[0;32m  OK  [0m] Started Terminate Plymouth Boot Screen.
[[0;32m  OK  [0m] Started Getty on tty1.
[[0;32m  OK  [0m] Started Serial Getty on ttyS0.
[[0;32m  OK  [0m] Reached target Login Prompts.
         Starting Set console scheme...
[[0;32m  OK  [0m] Started Set console scheme.
[[0;32m  OK  [0m] Started OpenBSD Secure Shell server.
[[0;32m  OK  [0m] Started LSB: daemon to balance interrupts for SMP systems.
[[0;32m  OK  [0m] Started Virtualbox guest utils.
[[0;32m  OK  [0m] Started LSB: automatic crash report generation.
         Starting Authenticate and Authorize Users to Run Privileged Tasks...
[[0;32m  OK  [0m] Started Authenticate and Authorize Users to Run Privileged Tasks.
[[0;32m  OK  [0m] Started Accounts Service.
[[0;32m  OK  [0m] Created slice User Slice of vagrant.
[[0;32m  OK  [0m] Started Session 1 of user vagrant.
         Starting User Manager for UID 1000...
[[0;32m  OK  [0m] Started User Manager for UID 1000.
[[0;32m  OK  [0m] Started LXD - container startup/shutdown.

Ubuntu 16.04.6 LTS xenial ttyS0

xenial login: [   41.237743] cloud-init[1695]: Cloud-init v. 19.1-1-gbaa47854-0ubuntu1~16.04.1 running 'modules:config' at Tue, 04 Aug 2020 23:23:35 +0000. Up 40.41 seconds.
[   50.351095] cloud-init[2256]: Cloud-init v. 19.1-1-gbaa47854-0ubuntu1~16.04.1 running 'modules:final' at Tue, 04 Aug 2020 23:23:44 +0000. Up 49.85 seconds.
[   50.355356] cloud-init[2256]: Cloud-init v. 19.1-1-gbaa47854-0ubuntu1~16.04.1 finished at Tue, 04 Aug 2020 23:23:44 +0000. Datasource DataSourceNoCloud [seed=/dev/sdb][dsmode=net].  Up 50.33 seconds
[[0;32m  OK  [0m] Started ACPI event daemon.
         Stopping LSB: automatic crash report generation...
[[0;32m  OK  [0m] Stopped LSB: automatic crash report generation.
[[0;32m  OK  [0m] Started ACPI event daemon.
[[0;32m  OK  [0m] Started ACPI event daemon.
[[0;32m  OK  [0m] Started ACPI event daemon.
[[0;32m  OK  [0m] Started ACPI event daemon.
[[0;32m  OK  [0m] Started ACPI event daemon.
         Starting LSB: automatic crash report generation...
[[0;32m  OK  [0m] Started LSB: automatic crash report generation.
[[0;32m  OK  [0m] Started ACPI event daemon.
[[0;32m  OK  [0m] Started ACPI event daemon.
         Stopping MySQL Community Server...
[[0;32m  OK  [0m] Stopped MySQL Community Server.
[[0;32m  OK  [0m] Started ACPI event daemon.
[[0;32m  OK  [0m] Stopped MySQL Community Server.
[[0;32m  OK  [0m] Started ACPI event daemon.
[[0;32m  OK  [0m] Started ACPI event daemon.
[[0;32m  OK  [0m] Started ACPI event daemon.
[[0;32m  OK  [0m] Stopped MySQL Community Server.
[[0;32m  OK  [0m] Started ACPI event daemon.
[[0;32m  OK  [0m] Started ACPI event daemon.
         Starting MySQL Community Server...
[[0;32m  OK  [0m] Started MySQL Community Server.
[[0;32m  OK  [0m] Started ACPI event daemon.
         Stopping MySQL Community Server...
[[0;32m  OK  [0m] Stopped MySQL Community Server.
         Starting MySQL Community Server...
[[0;32m  OK  [0m] Started MySQL Community Server.
[[0;32m  OK  [0m] Started ACPI event daemon.
         Stopping LSB: Record successful boot for GRUB...
[[0;32m  OK  [0m] Stopped LSB: Record successful boot for GRUB.
[[0;32m  OK  [0m] Started ACPI event daemon.
[[0;32m  OK  [0m] Started ACPI event daemon.
[[0;32m  OK  [0m] Started ACPI event daemon.
[[0;32m  OK  [0m] Started ACPI event daemon.
         Starting LSB: Record successful boot for GRUB...
[[0;32m  OK  [0m] Started LSB: Record successful boot for GRUB.
[[0;32m  OK  [0m] Created slice User Slice of vagrant.
         Starting User Manager for UID 1000...
[[0;32m  OK  [0m] Started Session 2 of user vagrant.
[[0;32m  OK  [0m] Started User Manager for UID 1000.
[[0;32m  OK  [0m] Closed Load/Save RF Kill Switch Status /dev/rfkill Watch.
         Stopping Session 2 of user vagrant.
[[0;32m  OK  [0m] Stopped target Cloud-init target.
[[0;32m  OK  [0m] Stopped Execute cloud user/final scripts.
[[0;32m  OK  [0m] Stopped Apply the settings specified in cloud-config.
[[0;32m  OK  [0m] Stopped target Cloud-config availability.
         Stopping ACPI event daemon...
         Stopping User Manager for UID 1000...
         Stopping Authenticate and Authorize Users to Run Privileged Tasks...
[[0;32m  OK  [0m] Stopped target Graphical Interface.
[[0;32m  OK  [0m] Stopped target Multi-User System.
[[0;32m  OK  [0m] Stopped target Login Prompts.
         Stopping Getty on tty1...
         Stopping LXD - container startup/shutdown...
         Stopping Deferred execution scheduler...
         Stopping FUSE filesystem for LXC...
         Stopping D-Bus System Message Bus...
         Stopping Regular background program processing daemon...
         Stopping MySQL Community Server...
[[0;32m  OK  [0m] Stopped Wait until snapd is fully seeded.
         Stopping System Logging Service...
         Stopping Unattended Upgrades Shutdown...
         Stopping LSB: Set the CPU Frequency Scaling governor to "ondemand"...
         Stopping LSB: MD monitoring daemon...
         Stopping LSB: automatic crash report generation...
         Stopping LSB: Record successful boot for GRUB...
         Stopping Accounts Service...
         Stopping LSB: Apache2 web server...
         Stopping LSB: daemon to balance interrupts for SMP systems...
         Stopping Virtualbox guest utils...
[[0;32m  OK  [0m] Stopped target Timers.
[[0;32m  OK  [0m] Stopped Daily Cleanup of Temporary Directories.
         Stopping Serial Getty on ttyS0...
         Stopping OpenBSD Secure Shell server...
[[0;32m  OK  [0m] Unmounted /var/lib/lxcfs.
[[0;32m  OK  [0m] Stopped Deferred execution scheduler.
[[0;32m  OK  [0m] Stopped Regular background program processing daemon.
[[0;32m  OK  [0m] Stopped System Logging Service.
[[0;32m  OK  [0m] Stopped Accounts Service.
[[0;32m  OK  [0m] Stopped ACPI event daemon.
[[0;32m  OK  [0m] Stopped Getty on tty1.
[[0;32m  OK  [0m] Stopped Serial Getty on ttyS0.
[[0;32m  OK  [0m] Stopped OpenBSD Secure Shell server.
[[0;32m  OK  [0m] Stopped Authenticate and Authorize Users to Run Privileged Tasks.
[[0;32m  OK  [0m] Stopped Daily apt upgrade and clean activities.
[[0;32m  OK  [0m] Stopped User Manager for UID 1000.
[[0;32m  OK  [0m] Stopped Session 2 of user vagrant.
[[0;32m  OK  [0m] Stopped LSB: MD monitoring daemon.
[[0;32m  OK  [0m] Removed slice User Slice of vagrant.
[[0;32m  OK  [0m] Stopped Daily apt upgrade and clean activities.
[[0;32m  OK  [0m] Stopped Daily apt download activities.
[[0;32m  OK  [0m] Stopped target System Time Synchronized.
[[0;32m  OK  [0m] Removed slice system-serial\x2dgetty.slice.
         Stopping Permit User Sessions...
[[0;32m  OK  [0m] Stopped /etc/rc.local Compatibility.
[[0;32m  OK  [0m] Removed slice system-getty.slice.
[[0;32m  OK  [0m] Stopped LSB: Set the CPU Frequency Scaling governor to "ondemand".
[[0;32m  OK  [0m] Stopped LSB: automatic crash report generation.
[[0;32m  OK  [0m] Stopped LSB: Record successful boot for GRUB.
[[0;32m  OK  [0m] Stopped LSB: daemon to balance interrupts for SMP systems.
[[0;32m  OK  [0m] Stopped Permit User Sessions.
[[0;32m  OK  [0m] Stopped Virtualbox guest utils.
[[0;32m  OK  [0m] Stopped User Manager for UID 1000.
[[0;32m  OK  [0m] Removed slice user-1000.slice.
[[0;32m  OK  [0m] Unmounted /run/user/1000.
[[0;32m  OK  [0m] Stopped LXD - container startup/shutdown.
[[0;32m  OK  [0m] Stopped D-Bus System Message Bus.
[[0;32m  OK  [0m] Stopped FUSE filesystem for LXC.
[[0;32m  OK  [0m] Stopped MySQL Community Server.
[[0;32m  OK  [0m] Stopped LSB: Apache2 web server.
[[0;32m  OK  [0m] Stopped target Remote File Systems.
[[0;32m  OK  [0m] Stopped target Remote File Systems (Pre).
         Stopping Login to default iSCSI targets...
[[0;32m  OK  [0m] Stopped Login to default iSCSI targets.
         Stopping iSCSI initiator daemon (iscsid)...
[[0;32m  OK  [0m] Stopped iSCSI initiator daemon (iscsid).
[[0;32m  OK  [0m] Stopped target Network is Online.
[[0;32m  OK  [0m] Stopped Unattended Upgrades Shutdown.
[[0;32m  OK  [0m] Stopped target Network.
         Stopping Login Service...
[[0;32m  OK  [0m] Stopped Login Service.
[[0;32m  OK  [0m] Stopped target User and Group Name Lookups.
[[0;32m  OK  [0m] Stopped target Basic System.
[[0;32m  OK  [0m] Stopped target Sockets.
[[0;32m  OK  [0m] Closed Syslog Socket.
[[0;32m  OK  [0m] Closed Socket activation for snappy daemon.
[[0;32m  OK  [0m] Closed ACPID Listen Socket.
[[0;32m  OK  [0m] Closed D-Bus System Message Bus Socket.
[[0;32m  OK  [0m] Closed LXD - unix socket.
[[0;32m  OK  [0m] Closed UUID daemon activation socket.
[[0;32m  OK  [0m] Stopped target Paths.
[[0;32m  OK  [0m] Stopped ACPI Events Check.
[[0;32m  OK  [0m] Stopped Forward Password Requests to Wall Directory Watch.
[[0;32m  OK  [0m] Stopped Dispatch Password Requests to Console Directory Watch.
[[0;32m  OK  [0m] Stopped target Slices.
[[0;32m  OK  [0m] Removed slice User and Session Slice.
[[0;32m  OK  [0m] Stopped target System Initialization.
[[0;32m  OK  [0m] Stopped Initial cloud-init job (metadata service crawler).
         Stopping Raise network interfaces...
[[0;32m  OK  [0m] Stopped Create Volatile Files and Directories.
         Stopping Load/Save Random Seed...
[[0;32m  OK  [0m] Stopped target Swap.
[[0;32m  OK  [0m] Stopped target Encrypted Volumes.
[[0;32m  OK  [0m] Stopped Load/Save Random Seed.
[[0;32m  OK  [0m] Stopped Raise network interfaces.
[[0;32m  OK  [0m] Stopped target Network (Pre).
[[0;32m  OK  [0m] Stopped Initial cloud-init job (pre-networking).
[[0;32m  OK  [0m] Stopped Apply Kernel Variables.
[[0;32m  OK  [0m] Stopped Load Kernel Modules.
[[0;32m  OK  [0m] Stopped target Local File Systems.
         Unmounting /vagrant...
         Unmounting /var/www/html...
[[0;32m  OK  [0m] Unmounted /vagrant.
[[0;32m  OK  [0m] Unmounted /var/www/html.
[[0;32m  OK  [0m] Reached target Unmount All Filesystems.
[[0;32m  OK  [0m] Stopped target Local File Systems (Pre).
[[0;32m  OK  [0m] Stopped Create Static Device Nodes in /dev.
[[0;32m  OK  [0m] Stopped Remount Root and Kernel File Systems.
[[0;32m  OK  [0m] Reached target Shutdown.
[[0;32m  OK  [0m] Reached target Final Step.
         Starting Power-Off...
         Stopping Monitoring of LVM2 mirrors... dmeventd or progress polling...
[[0;32m  OK  [0m] Stopped Monitoring of LVM2 mirrors,...ng dmeventd or progress polling.
[  500.825184] reboot: Power down
